<?xml version="1.0" encoding="UTF-8"?>
<testng-results skipped="0" failed="0" ignored="0" total="1" passed="1">
  <reporter-output>
  </reporter-output>
  <suite name="Default suite" duration-ms="86" started-at="2018-11-24T15:19:05Z" finished-at="2018-11-24T15:19:05Z">
    <groups>
    </groups>
    <test name="Default test" duration-ms="86" started-at="2018-11-24T15:19:05Z" finished-at="2018-11-24T15:19:05Z">
      <class name="Examples.NewTest">
        <test-method status="PASS" signature="f()[pri:0, instance:Examples.NewTest@215be6bb]" name="f" duration-ms="23" started-at="2018-11-24T15:19:05Z" finished-at="2018-11-24T15:19:05Z">
          <reporter-output>
          </reporter-output>
        </test-method> <!-- f -->
      </class> <!-- Examples.NewTest -->
    </test> <!-- Default test -->
  </suite> <!-- Default suite -->
</testng-results>
